<?xml version="1.0" encoding="UTF-8"?>
<!-- Generated by org.testng.reporters.JUnitReportReporter -->
<testsuite hostname="LAPTOP-K3DD01P9" name="test.TESTFramework" tests="1" failures="0" timestamp="7 Sep 2019 04:43:52 GMT" time="8.678" errors="0">
  <testcase name="verify" time="8.678" classname="test.TESTFramework"/>
</testsuite> <!-- test.TESTFramework -->
